<?xml version="1.0" encoding="UTF-8"?>
<!-- Generated by org.testng.reporters.JUnitXMLReporter -->
<testsuite ignored="2" hostname="Anastasiyas-MacBook-Pro.local" failures="0" tests="2" name="Surefire test" time="2.116" errors="0" timestamp="2024-06-28T15:39:31 CEST">
  <testcase classname="tests.soapTests.SOAPTests" name="soapTest" time="1.042"/>
  <testcase classname="tests.restTests.CreatePetTest" name="createPet" time="1.044"/>
  <testcase classname="com.consol.citrus.testng.TestNGSuiteListener" name="@BeforeSuite beforeSuite" time="0.0">
    <ignored/>
  </testcase> <!-- @BeforeSuite beforeSuite -->
  <testcase classname="com.consol.citrus.testng.TestNGSuiteListener" name="@AfterSuite afterSuite" time="0.0">
    <ignored/>
  </testcase> <!-- @AfterSuite afterSuite -->
</testsuite> <!-- Surefire test -->
