<?xml version="1.0" encoding="UTF-8"?>
<testsuite xmlns:xsi="http://www.w3.org/2001/XMLSchema-instance" xsi:noNamespaceSchemaLocation="https://maven.apache.org/surefire/maven-surefire-plugin/xsd/surefire-test-report.xsd" name="TestSuite" time="4.378" tests="2" errors="0" skipped="0" failures="0">
  <properties>
[...]
</properties>
  <testcase name="soapTest" classname="tests.soapTests.SOAPTests" time="1.042"/>
  <testcase name="createPet" classname="tests.restTests.CreatePetTest" time="1.045"/>
</testsuite>